1624385135824	geckodriver	INFO	Listening on 127.0.0.1:62582
1624385138894	mozrunner::runner	INFO	Running command: "C:\\Program Files\\Mozilla Firefox\\firefox.exe" "--marionette" "-foreground" "-no-remote" "-profile" "C:\\Users\\Utente\\AppData\\Local\\Temp\\rust_mozprofileGFrlKK"
1624385139349	Marionette	INFO	Marionette enabled
LdrLoadDll: Blocking load of 'nahimicmsiosd.dll' -- see http://www.mozilla.com/en-US/blocklist/
LdrLoadDll: Blocking load of 'nahimicmsidevprops.dll' -- see http://www.mozilla.com/en-US/blocklist/
console.warn: SearchSettings: "get: No settings file exists, new profile?" (new NotFoundError("Could not open the file at C:\\Users\\Utente\\AppData\\Local\\Temp\\rust_mozprofileGFrlKK\\search.json.mozlz4", (void 0)))
1624385141335	Marionette	INFO	Listening on port 62590
1624385141598	Marionette	WARN	TLS certificate errors will be ignored for this session
1624385188078	Marionette	INFO	Stopped listening on port 62590

###!!! [Child][RunMessage] Error: Channel closing: too late to send/recv, messages will be lost

"--marionette" "-foreground" "-no-remote" "-profile" "C:\\Users\\Utente\\AppData\\Local\\Temp\\rust_mozprofile8FAXjb"
1624385180318	Marionette	INFO	Marionette enabled
LdrLoadDll: Blocking load of 'nahimicmsiosd.dll' -- see http://www.mozilla.com/en-US/blocklist/
LdrLoadDll: Blocking load of 'nahimicmsidevprops.dll' -- see http://www.mozilla.com/en-US/blocklist/
console.warn: SearchSettings: "get: No settings file exists, new profile?" (new NotFoundError("Could not open the file at C:\\Users\\Utente\\AppData\\Local\\Temp\\rust_mozprofile8FAXjb\\search.json.mozlz4", (void 0)))
console.warn: SearchService: "_init: abandoning init due to shutting down"
JavaScript error: , line 0: uncaught exception: 2147500036
JavaScript error: , line 0: uncaught exception: 2147500036
console.error: Region.jsm: "Error fetching region" (new TypeError("NetworkError when attempting to fetch resource.", ""))
console.error: Region.jsm: "Failed to fetch region" (new Error("NO_RESULT", "resource://gre/modules/Region.jsm", 419))

###!!! [Child][RunMessage] Error: Channel closing: too late to send/recv, messages will be lost

1624385190744	geckodriver	INFO	Listening on 127.0.0.1:62659
1624385193790	mozrunner::runner	INFO	Running command: "C:\\Program Files\\Mozilla Firefox\\firefox.exe" "--marionette" "-foreground" "-no-remote" "-profile" "C:\\Users\\Utente\\AppData\\Local\\Temp\\rust_mozprofileFZbwtB"
1624385194166	Marionette	INFO	Marionette enabled
LdrLoadDll: Blocking load of 'nahimicmsiosd.dll' -- see http://www.mozilla.com/en-US/blocklist/
LdrLoadDll: Blocking load of 'nahimicmsidevprops.dll' -- see http://www.mozilla.com/en-US/blocklist/
console.warn: SearchSettings: "get: No settings file exists, new profile?" (new NotFoundError("Could not open the file at C:\\Users\\Utente\\AppData\\Local\\Temp\\rust_mozprofileFZbwtB\\search.json.mozlz4", (void 0)))
1624385195913	Marionette	INFO	Listening on port 62669
1624385195976	Marionette	WARN	TLS certificate errors will be ignored for this session
1624385455225	Marionette	WARN	Ignoring event 'pageshow' because document has an invalid readyState of 'uninitialized'.
JavaScript error: https://tpc.googlesyndication.com/sodar/5k7CCto5.html, line 11: uncaught exception: 7
1624385597160	Marionette	INFO	Stopped listening on port 62669

###!!! [Child][RunMessage] Error: Channel closing: too late to send/recv, messages will be lost

